Capturing in javac mode...
Found 123 source files to analyze in /home/dowon/patch-validation/analyzer/infer/models/infer-out
java/builtins/com/facebook/infer/builtins/InferBuiltins.java starting
java/builtins/com/facebook/infer/builtins/InferBuiltins.java DONE
java/builtins/com/facebook/infer/builtins/InferCloseables.java starting
java/builtins/com/facebook/infer/builtins/InferCloseables.java DONE
java/builtins/com/facebook/infer/builtins/InferTaint.java starting
java/builtins/com/facebook/infer/builtins/InferTaint.java DONE
java/builtins/com/facebook/infer/builtins/InferUndefined.java starting
java/builtins/com/facebook/infer/builtins/InferUndefined.java DONE
java/builtins/com/facebook/infer/builtins/InferUtils.java starting
java/builtins/com/facebook/infer/builtins/InferUtils.java DONE
java/src/android/app/Activity.java starting
java/src/android/app/Activity.java DONE
java/src/android/app/AlarmManager.java starting
java/src/android/app/AlarmManager.java DONE
java/src/android/app/DownloadManager.java starting
java/src/android/app/DownloadManager.java DONE
java/src/android/content/ContentProviderClient.java starting
java/src/android/content/ContentProviderClient.java DONE
java/src/android/content/ContentResolver.java starting
java/src/android/content/ContentResolver.java DONE
java/src/android/content/Context.java starting
java/src/android/content/Context.java DONE
java/src/android/content/IContentProvider.java starting
java/src/android/content/IContentProvider.java DONE
java/src/android/content/IContentService.java starting
java/src/android/content/IContentService.java DONE
java/src/android/content/res/Resources.java starting
java/src/android/content/res/Resources.java DONE
java/src/android/content/res/TypedArray.java starting
java/src/android/content/res/TypedArray.java DONE
java/src/android/database/AbstractCursor.java starting
java/src/android/database/AbstractCursor.java DONE
java/src/android/database/CrossProcessCursor.java starting
java/src/android/database/CrossProcessCursor.java DONE
java/src/android/database/CrossProcessCursorWrapper.java starting
java/src/android/database/CrossProcessCursorWrapper.java DONE
java/src/android/database/Cursor.java starting
java/src/android/database/Cursor.java DONE
java/src/android/database/CursorWrapper.java starting
java/src/android/database/CursorWrapper.java DONE
java/src/android/database/sqlite/SQLiteConnectionPool.java starting
java/src/android/database/sqlite/SQLiteConnectionPool.java DONE
java/src/android/database/sqlite/SQLiteCursor.java starting
java/src/android/database/sqlite/SQLiteCursor.java DONE
java/src/android/database/sqlite/SQLiteDatabase.java starting
java/src/android/database/sqlite/SQLiteDatabase.java DONE
java/src/android/database/sqlite/SQLiteDatabaseConfiguration.java starting
java/src/android/database/sqlite/SQLiteDatabaseConfiguration.java DONE
java/src/android/database/sqlite/SQLiteQueryBuilder.java starting
java/src/android/database/sqlite/SQLiteQueryBuilder.java DONE
java/src/android/provider/MediaStore.java starting
java/src/android/provider/MediaStore.java DONE
java/src/android/text/TextUtils.java starting
java/src/android/text/TextUtils.java DONE
java/src/android/view/View.java starting
java/src/android/view/View.java DONE
java/src/com/facebook/infer/annotation/Assertions.java starting
java/src/com/facebook/infer/annotation/Assertions.java DONE
java/src/com/fasterxml/jackson/core/JsonFactory.java starting
java/src/com/fasterxml/jackson/core/JsonFactory.java DONE
java/src/com/fasterxml/jackson/core/JsonParser.java starting
java/src/com/fasterxml/jackson/core/JsonParser.java DONE
java/src/com/fasterxml/jackson/core/json/UTF8StreamJsonParser.java starting
java/src/com/fasterxml/jackson/core/json/UTF8StreamJsonParser.java DONE
java/src/com/google/common/base/Optional.java starting
java/src/com/google/common/base/Optional.java DONE
java/src/com/google/common/base/Preconditions.java starting
java/src/com/google/common/base/Preconditions.java DONE
java/src/com/google/common/collect/ImmutableList.java starting
java/src/com/google/common/collect/ImmutableList.java DONE
java/src/com/google/common/collect/Iterators.java starting
java/src/com/google/common/collect/Iterators.java DONE
java/src/com/google/common/io/Closeables.java starting
java/src/com/google/common/io/Closeables.java DONE
java/src/dalvik/system/CloseGuard.java starting
java/src/dalvik/system/CloseGuard.java DONE
java/src/java/io/BufferedInputStream.java starting
java/src/java/io/BufferedInputStream.java DONE
java/src/java/io/BufferedOutputStream.java starting
java/src/java/io/BufferedOutputStream.java DONE
java/src/java/io/BufferedReader.java starting
java/src/java/io/BufferedReader.java DONE
java/src/java/io/BufferedWriter.java starting
java/src/java/io/BufferedWriter.java DONE
java/src/java/io/DataInputStream.java starting
java/src/java/io/DataInputStream.java DONE
java/src/java/io/DataOutputStream.java starting
java/src/java/io/DataOutputStream.java DONE
java/src/java/io/File.java starting
java/src/java/io/File.java DONE
java/src/java/io/FileInputStream.java starting
java/src/java/io/FileInputStream.java DONE
java/src/java/io/FileOutputStream.java starting
java/src/java/io/FileOutputStream.java DONE
java/src/java/io/FilterInputStream.java starting
java/src/java/io/FilterInputStream.java DONE
java/src/java/io/FilterOutputStream.java starting
java/src/java/io/FilterOutputStream.java DONE
java/src/java/io/FilterReader.java starting
java/src/java/io/FilterReader.java DONE
java/src/java/io/InputStream.java starting
java/src/java/io/InputStream.java DONE
java/src/java/io/InputStreamReader.java starting
java/src/java/io/InputStreamReader.java DONE
java/src/java/io/ObjectInputStream.java starting
java/src/java/io/ObjectInputStream.java DONE
java/src/java/io/ObjectOutputStream.java starting
java/src/java/io/ObjectOutputStream.java DONE
java/src/java/io/OutputStream.java starting
java/src/java/io/OutputStream.java DONE
java/src/java/io/OutputStreamWriter.java starting
java/src/java/io/OutputStreamWriter.java DONE
java/src/java/io/PipedInputStream.java starting
java/src/java/io/PipedInputStream.java DONE
java/src/java/io/PipedOutputStream.java starting
java/src/java/io/PipedOutputStream.java DONE
java/src/java/io/PipedReader.java starting
java/src/java/io/PipedReader.java DONE
java/src/java/io/PipedWriter.java starting
java/src/java/io/PipedWriter.java DONE
java/src/java/io/PrintWriter.java starting
java/src/java/io/PrintWriter.java DONE
java/src/java/io/PushbackInputStream.java starting
java/src/java/io/PushbackInputStream.java DONE
java/src/java/io/PushbackReader.java starting
java/src/java/io/PushbackReader.java DONE
java/src/java/io/RandomAccessFile.java starting
java/src/java/io/RandomAccessFile.java DONE
java/src/java/io/Reader.java starting
java/src/java/io/Reader.java DONE
java/src/java/io/Writer.java starting
java/src/java/io/Writer.java DONE
java/src/java/lang/Class.java starting
java/src/java/lang/Class.java DONE
java/src/java/lang/Double.java starting
java/src/java/lang/Double.java DONE
java/src/java/lang/Integer.java starting
java/src/java/lang/Integer.java DONE
java/src/java/lang/NullPointerException.java starting
java/src/java/lang/NullPointerException.java DONE
java/src/java/lang/Object.java starting
java/src/java/lang/Object.java DONE
java/src/java/lang/Process.java starting
java/src/java/lang/Process.java DONE
java/src/java/lang/ProcessManager.java starting
java/src/java/lang/ProcessManager.java DONE
java/src/java/lang/Runtime.java starting
java/src/java/lang/Runtime.java DONE
java/src/java/lang/String.java starting
java/src/java/lang/String.java DONE
java/src/java/lang/System.java starting
java/src/java/lang/System.java DONE
java/src/java/lang/Thread.java starting
java/src/java/lang/Thread.java DONE
java/src/java/lang/reflect/Array.java starting
java/src/java/lang/reflect/Array.java DONE
java/src/java/net/HttpURLConnection.java starting
java/src/java/net/HttpURLConnection.java DONE
java/src/java/net/JarURLConnection.java starting
java/src/java/net/JarURLConnection.java DONE
java/src/java/net/PlainSocketImpl.java starting
java/src/java/net/PlainSocketImpl.java DONE
java/src/java/net/ServerSocket.java starting
java/src/java/net/ServerSocket.java DONE
java/src/java/net/Socket.java starting
java/src/java/net/Socket.java DONE
java/src/java/net/URL.java starting
java/src/java/net/URL.java DONE
java/src/java/net/URLConnection.java starting
java/src/java/net/URLConnection.java DONE
java/src/java/nio/FileChannelImpl.java starting
java/src/java/nio/FileChannelImpl.java DONE
java/src/java/nio/channels/FileChannel.java starting
java/src/java/nio/channels/FileChannel.java DONE
java/src/java/nio/channels/spi/AbstractInterruptibleChannel.java starting
java/src/java/nio/channels/spi/AbstractInterruptibleChannel.java DONE
java/src/java/security/DigestInputStream.java starting
java/src/java/security/DigestInputStream.java DONE
java/src/java/security/DigestOutputStream.java starting
java/src/java/security/DigestOutputStream.java DONE
java/src/java/util/AbstractList.java starting
java/src/java/util/AbstractList.java DONE
java/src/java/util/ArrayList.java starting
java/src/java/util/ArrayList.java DONE
java/src/java/util/HashMap.java starting
java/src/java/util/HashMap.java DONE
java/src/java/util/LinkedList.java starting
java/src/java/util/LinkedList.java DONE
java/src/java/util/List.java starting
java/src/java/util/List.java DONE
java/src/java/util/Properties.java starting
java/src/java/util/Properties.java DONE
java/src/java/util/Scanner.java starting
java/src/java/util/Scanner.java DONE
java/src/java/util/Vector.java starting
java/src/java/util/Vector.java DONE
java/src/java/util/concurrent/Lock.java starting
java/src/java/util/concurrent/Lock.java DONE
java/src/java/util/concurrent/ReentrantLock.java starting
java/src/java/util/concurrent/ReentrantLock.java DONE
java/src/java/util/jar/JarFile.java starting
java/src/java/util/jar/JarFile.java DONE
java/src/java/util/jar/JarInputStream.java starting
java/src/java/util/jar/JarInputStream.java DONE
java/src/java/util/jar/JarOutputStream.java starting
java/src/java/util/jar/JarOutputStream.java DONE
java/src/java/util/zip/CheckedInputStream.java starting
java/src/java/util/zip/CheckedInputStream.java DONE
java/src/java/util/zip/CheckedOutputStream.java starting
java/src/java/util/zip/CheckedOutputStream.java DONE
java/src/java/util/zip/Deflater.java starting
java/src/java/util/zip/Deflater.java DONE
java/src/java/util/zip/DeflaterInputStream.java starting
java/src/java/util/zip/DeflaterInputStream.java DONE
java/src/java/util/zip/DeflaterOutputStream.java starting
java/src/java/util/zip/DeflaterOutputStream.java DONE
java/src/java/util/zip/GZIPInputStream.java starting
java/src/java/util/zip/GZIPInputStream.java DONE
java/src/java/util/zip/GZIPOutputStream.java starting
java/src/java/util/zip/GZIPOutputStream.java DONE
java/src/java/util/zip/Inflater.java starting
java/src/java/util/zip/Inflater.java DONE
java/src/java/util/zip/InflaterInputStream.java starting
java/src/java/util/zip/InflaterInputStream.java DONE
java/src/java/util/zip/InflaterOutputStream.java starting
java/src/java/util/zip/InflaterOutputStream.java DONE
java/src/java/util/zip/ZipFile.java starting
java/src/java/util/zip/ZipFile.java DONE
java/src/java/util/zip/ZipInputStream.java starting
java/src/java/util/zip/ZipInputStream.java DONE
java/src/java/util/zip/ZipOutputStream.java starting
java/src/java/util/zip/ZipOutputStream.java DONE
java/src/javax/crypto/CipherInputStream.java starting
java/src/javax/crypto/CipherInputStream.java DONE
java/src/javax/crypto/CipherOutputStream.java starting
java/src/javax/crypto/CipherOutputStream.java DONE
java/src/javax/net/ssl/HttpsURLConnection.java starting
java/src/javax/net/ssl/HttpsURLConnection.java DONE
java/src/javax/net/ssl/SSLSocketFactory.java starting
java/src/javax/net/ssl/SSLSocketFactory.java DONE
java/src/junit/framework/Assert.java starting
java/src/junit/framework/Assert.java DONE
java/src/org/apache/commons/lang3/StringUtils.java starting
java/src/org/apache/commons/lang3/StringUtils.java DONE
java/src/org/assertj/core/util/Preconditions.java starting
java/src/org/assertj/core/util/Preconditions.java DONE
