make[2]: Entering directory '/home/dowon/patch-validation/analyzer/infer/annotations'
/usr/bin/mkdir -p 'annot_classes'
jar cvf /home/dowon/patch-validation/analyzer/infer/annotations/annotations-src.jar src/main/java/com
javac -source 7 -target 7 -cp /home/dowon/patch-validation/analyzer/dependencies/java/jsr-305/jsr305.jar:/home/dowon/patch-validation/analyzer/dependencies/java/kotlin-annotations/kotlin-annotations-jvm-1.3.72.jar src/main/java/com/facebook/infer/annotation/SuppressFieldNotInitialized.java src/main/java/com/facebook/infer/annotation/Lockless.java src/main/java/com/facebook/infer/annotation/Assertions.java src/main/java/com/facebook/infer/annotation/SuppressParameterNotNullable.java src/main/java/com/facebook/infer/annotation/SuppressReturnOverAnnotated.java src/main/java/com/facebook/infer/annotation/FalseOnNull.java src/main/java/com/facebook/infer/annotation/ThreadConfined.java src/main/java/com/facebook/infer/annotation/ThreadSafe.java src/main/java/com/facebook/infer/annotation/SuppressLint.java src/main/java/com/facebook/infer/annotation/NoAllocation.java src/main/java/com/facebook/infer/annotation/PropagatesNullable.java src/main/java/com/facebook/infer/annotation/Functional.java src/main/java/com/facebook/infer/annotation/IgnoreAllocations.java src/main/java/com/facebook/infer/annotation/SuppressViewNullability.java src/main/java/com/facebook/infer/annotation/NonBlocking.java src/main/java/com/facebook/infer/annotation/Initializer.java src/main/java/com/facebook/infer/annotation/SuppressNullMethodCall.java src/main/java/com/facebook/infer/annotation/ReturnsOwnership.java src/main/java/com/facebook/infer/annotation/PrivacySource.java src/main/java/com/facebook/infer/annotation/Cleanup.java src/main/java/com/facebook/infer/annotation/SuppressNullFieldAccess.java src/main/java/com/facebook/infer/annotation/Nullsafe.java src/main/java/com/facebook/infer/annotation/Present.java src/main/java/com/facebook/infer/annotation/Expensive.java src/main/java/com/facebook/infer/annotation/Verify.java src/main/java/com/facebook/infer/annotation/IntegritySink.java src/main/java/com/facebook/infer/annotation/PrivacySink.java src/main/java/com/facebook/infer/annotation/OkToExtend.java src/main/java/com/facebook/infer/annotation/SynchronizedCollection.java src/main/java/com/facebook/infer/annotation/TrueOnNull.java src/main/java/com/facebook/infer/annotation/PerformanceCritical.java src/main/java/com/facebook/infer/annotation/Mutable.java src/main/java/com/facebook/infer/annotation/IntegritySource.java src/main/java/com/facebook/infer/annotation/NullsafeStrict.java src/main/java/com/facebook/infer/annotation/SuppressFieldNotNullable.java -d 'annot_classes'
added manifest
adding: src/main/java/com/(in = 0) (out= 0)(stored 0%)
adding: src/main/java/com/facebook/(in = 0) (out= 0)(stored 0%)
adding: src/main/java/com/facebook/infer/(in = 0) (out= 0)(stored 0%)
adding: src/main/java/com/facebook/infer/annotation/(in = 0) (out= 0)(stored 0%)
adding: src/main/java/com/facebook/infer/annotation/SuppressFieldNotInitialized.java(in = 566) (out= 299)(deflated 47%)
adding: src/main/java/com/facebook/infer/annotation/Lockless.java(in = 674) (out= 350)(deflated 48%)
adding: src/main/java/com/facebook/infer/annotation/Assertions.java(in = 3126) (out= 990)(deflated 68%)
adding: src/main/java/com/facebook/infer/annotation/SuppressParameterNotNullable.java(in = 567) (out= 300)(deflated 47%)
adding: src/main/java/com/facebook/infer/annotation/SuppressReturnOverAnnotated.java(in = 566) (out= 297)(deflated 47%)
adding: src/main/java/com/facebook/infer/annotation/FalseOnNull.java(in = 1538) (out= 740)(deflated 51%)
adding: src/main/java/com/facebook/infer/annotation/ThreadConfined.java(in = 1021) (out= 494)(deflated 51%)
adding: src/main/java/com/facebook/infer/annotation/ThreadSafe.java(in = 835) (out= 440)(deflated 47%)
adding: src/main/java/com/facebook/infer/annotation/SuppressLint.java(in = 542) (out= 297)(deflated 45%)
adding: src/main/java/com/facebook/infer/annotation/NoAllocation.java(in = 487) (out= 264)(deflated 45%)
adding: src/main/java/com/facebook/infer/annotation/PropagatesNullable.java(in = 1863) (out= 811)(deflated 56%)
adding: src/main/java/com/facebook/infer/annotation/Functional.java(in = 1377) (out= 670)(deflated 51%)
adding: src/main/java/com/facebook/infer/annotation/IgnoreAllocations.java(in = 492) (out= 267)(deflated 45%)
adding: src/main/java/com/facebook/infer/annotation/SuppressViewNullability.java(in = 658) (out= 350)(deflated 46%)
adding: src/main/java/com/facebook/infer/annotation/NonBlocking.java(in = 941) (out= 485)(deflated 48%)
adding: src/main/java/com/facebook/infer/annotation/Initializer.java(in = 1960) (out= 863)(deflated 55%)
adding: src/main/java/com/facebook/infer/annotation/SuppressNullMethodCall.java(in = 561) (out= 295)(deflated 47%)
adding: src/main/java/com/facebook/infer/annotation/ReturnsOwnership.java(in = 854) (out= 449)(deflated 47%)
adding: src/main/java/com/facebook/infer/annotation/PrivacySource.java(in = 650) (out= 330)(deflated 49%)
adding: src/main/java/com/facebook/infer/annotation/Cleanup.java(in = 769) (out= 413)(deflated 46%)
adding: src/main/java/com/facebook/infer/annotation/SuppressNullFieldAccess.java(in = 562) (out= 296)(deflated 47%)
adding: src/main/java/com/facebook/infer/annotation/Nullsafe.java(in = 5532) (out= 2021)(deflated 63%)
adding: src/main/java/com/facebook/infer/annotation/Present.java(in = 823) (out= 427)(deflated 48%)
adding: src/main/java/com/facebook/infer/annotation/Expensive.java(in = 504) (out= 273)(deflated 45%)
adding: src/main/java/com/facebook/infer/annotation/Verify.java(in = 558) (out= 288)(deflated 48%)
adding: src/main/java/com/facebook/infer/annotation/IntegritySink.java(in = 547) (out= 301)(deflated 44%)
adding: src/main/java/com/facebook/infer/annotation/PrivacySink.java(in = 544) (out= 293)(deflated 46%)
adding: src/main/java/com/facebook/infer/annotation/OkToExtend.java(in = 704) (out= 395)(deflated 43%)
adding: src/main/java/com/facebook/infer/annotation/SynchronizedCollection.java(in = 740) (out= 388)(deflated 47%)
adding: src/main/java/com/facebook/infer/annotation/TrueOnNull.java(in = 1523) (out= 733)(deflated 51%)
adding: src/main/java/com/facebook/infer/annotation/PerformanceCritical.java(in = 522) (out= 285)(deflated 45%)
adding: src/main/java/com/facebook/infer/annotation/Mutable.java(in = 546) (out= 285)(deflated 47%)
adding: src/main/java/com/facebook/infer/annotation/IntegritySource.java(in = 676) (out= 340)(deflated 49%)
adding: src/main/java/com/facebook/infer/annotation/NullsafeStrict.java(in = 890) (out= 464)(deflated 47%)
adding: src/main/java/com/facebook/infer/annotation/SuppressFieldNotNullable.java(in = 563) (out= 298)(deflated 47%)
cd 'annot_classes' && jar cvf /home/dowon/patch-validation/analyzer/infer/annotations/annotations.jar com
added manifest
adding: com/(in = 0) (out= 0)(stored 0%)
adding: com/facebook/(in = 0) (out= 0)(stored 0%)
adding: com/facebook/infer/(in = 0) (out= 0)(stored 0%)
adding: com/facebook/infer/annotation/(in = 0) (out= 0)(stored 0%)
adding: com/facebook/infer/annotation/Present.class(in = 456) (out= 282)(deflated 38%)
adding: com/facebook/infer/annotation/PropagatesNullable.class(in = 420) (out= 250)(deflated 40%)
adding: com/facebook/infer/annotation/PrivacySource.class(in = 437) (out= 265)(deflated 39%)
adding: com/facebook/infer/annotation/NonBlocking.class(in = 434) (out= 268)(deflated 38%)
adding: com/facebook/infer/annotation/SynchronizedCollection.class(in = 424) (out= 249)(deflated 41%)
adding: com/facebook/infer/annotation/FalseOnNull.class(in = 403) (out= 244)(deflated 39%)
adding: com/facebook/infer/annotation/IntegritySink.class(in = 410) (out= 247)(deflated 39%)
adding: com/facebook/infer/annotation/Lockless.class(in = 428) (out= 264)(deflated 38%)
adding: com/facebook/infer/annotation/ReturnsOwnership.class(in = 413) (out= 250)(deflated 39%)
adding: com/facebook/infer/annotation/IgnoreAllocations.class(in = 415) (out= 246)(deflated 40%)
adding: com/facebook/infer/annotation/NoAllocation.class(in = 405) (out= 242)(deflated 40%)
adding: com/facebook/infer/annotation/Cleanup.class(in = 439) (out= 274)(deflated 37%)
adding: com/facebook/infer/annotation/Nullsafe$Mode.class(in = 1065) (out= 526)(deflated 50%)
adding: com/facebook/infer/annotation/Nullsafe.class(in = 1033) (out= 493)(deflated 52%)
adding: com/facebook/infer/annotation/Initializer.class(in = 447) (out= 277)(deflated 38%)
adding: com/facebook/infer/annotation/Assertions.class(in = 2214) (out= 944)(deflated 57%)
adding: com/facebook/infer/annotation/Functional.class(in = 401) (out= 243)(deflated 39%)
adding: com/facebook/infer/annotation/Verify.class(in = 439) (out= 275)(deflated 37%)
adding: com/facebook/infer/annotation/NullsafeStrict.class(in = 407) (out= 242)(deflated 40%)
adding: com/facebook/infer/annotation/ThreadConfined.class(in = 551) (out= 324)(deflated 41%)
adding: com/facebook/infer/annotation/OkToExtend.class(in = 310) (out= 203)(deflated 34%)
adding: com/facebook/infer/annotation/SuppressViewNullability.class(in = 426) (out= 252)(deflated 40%)
adding: com/facebook/infer/annotation/SuppressFieldNotInitialized.class(in = 479) (out= 290)(deflated 39%)
adding: com/facebook/infer/annotation/Expensive.class(in = 411) (out= 250)(deflated 39%)
adding: com/facebook/infer/annotation/PrivacySink.class(in = 406) (out= 245)(deflated 39%)
adding: com/facebook/infer/annotation/Mutable.class(in = 439) (out= 273)(deflated 37%)
adding: com/facebook/infer/annotation/Nullsafe$TrustList.class(in = 361) (out= 237)(deflated 34%)
adding: com/facebook/infer/annotation/ThreadSafe.class(in = 495) (out= 309)(deflated 37%)
adding: com/facebook/infer/annotation/SuppressFieldNotNullable.class(in = 473) (out= 288)(deflated 39%)
adding: com/facebook/infer/annotation/SuppressReturnOverAnnotated.class(in = 479) (out= 286)(deflated 40%)
adding: com/facebook/infer/annotation/SuppressNullFieldAccess.class(in = 471) (out= 287)(deflated 39%)
adding: com/facebook/infer/annotation/SuppressParameterNotNullable.class(in = 481) (out= 290)(deflated 39%)
adding: com/facebook/infer/annotation/SuppressLint.class(in = 456) (out= 280)(deflated 38%)
adding: com/facebook/infer/annotation/IntegritySource.class(in = 441) (out= 266)(deflated 39%)
adding: com/facebook/infer/annotation/PerformanceCritical.class(in = 431) (out= 258)(deflated 40%)
adding: com/facebook/infer/annotation/TrueOnNull.class(in = 401) (out= 243)(deflated 39%)
adding: com/facebook/infer/annotation/SuppressNullMethodCall.class(in = 469) (out= 287)(deflated 38%)
make[2]: Leaving directory '/home/dowon/patch-validation/analyzer/infer/annotations'
