make[2]: Entering directory '/home/dowon/patch-validation/analyzer'
/usr/bin/install -c -C /home/dowon/patch-validation/analyzer/infer/bin/infer.exe /home/dowon/patch-validation/analyzer/infer/bin/infer
make INTERACTIVE=1 /home/dowon/patch-validation/analyzer/infer/bin/infer-analyze /home/dowon/patch-validation/analyzer/infer/bin/infer-capture /home/dowon/patch-validation/analyzer/infer/bin/infer-compile /home/dowon/patch-validation/analyzer/infer/bin/infer-debug /home/dowon/patch-validation/analyzer/infer/bin/infer-explore /home/dowon/patch-validation/analyzer/infer/bin/infer-help /home/dowon/patch-validation/analyzer/infer/bin/infer-report /home/dowon/patch-validation/analyzer/infer/bin/infer-reportdiff /home/dowon/patch-validation/analyzer/infer/bin/infer-run
make[3]: Entering directory '/home/dowon/patch-validation/analyzer/infer/src'
rm -f /home/dowon/patch-validation/analyzer/infer/bin/infer-analyze
'infer-analyze' -> 'infer'
rm -f /home/dowon/patch-validation/analyzer/infer/bin/infer-capture
'infer-capture' -> 'infer'
rm -f /home/dowon/patch-validation/analyzer/infer/bin/infer-compile
'infer-compile' -> 'infer'
rm -f /home/dowon/patch-validation/analyzer/infer/bin/infer-debug
'infer-debug' -> 'infer'
rm -f /home/dowon/patch-validation/analyzer/infer/bin/infer-explore
'infer-explore' -> 'infer'
rm -f /home/dowon/patch-validation/analyzer/infer/bin/infer-help
'infer-help' -> 'infer'
rm -f /home/dowon/patch-validation/analyzer/infer/bin/infer-report
'infer-report' -> 'infer'
rm -f /home/dowon/patch-validation/analyzer/infer/bin/infer-reportdiff
'infer-reportdiff' -> 'infer'
rm -f /home/dowon/patch-validation/analyzer/infer/bin/infer-run
'infer-run' -> 'infer'
make[3]: Leaving directory '/home/dowon/patch-validation/analyzer/infer/src'
make[2]: Leaving directory '/home/dowon/patch-validation/analyzer/infer/src'
