make[2]: Entering directory '/home/dowon/patch-validation/analyzer'
TMPFILE=$(mktemp dune.common.tmp.XXXX); \
INFER_GIT_COMMIT=$(git --work-tree=../.. --git-dir=../../.git rev-parse --short HEAD || printf "unknown"); \
INFER_GIT_BRANCH=$(git --work-tree=../.. --git-dir=../../.git rev-parse --abbrev-ref HEAD || printf "unknown"); \
sed \
  -e 's|@EXTRA_CFLAGS[@]||g' \
  -e 's|@INFER_MAJOR[@]|1|g' \
  -e 's|@INFER_MINOR[@]|1|g' \
  -e 's|@INFER_PATCH[@]|0|g' \
  -e 's|@IS_FACEBOOK_TREE[@]|no|g' \
  -e 's|@IS_RELEASE_TREE[@]|no|g' \
  -e "s|@INFER_GIT_COMMIT[@]|$INFER_GIT_COMMIT|g" \
  -e "s|@INFER_GIT_BRANCH[@]|$INFER_GIT_BRANCH|g" \
  -e "s|@JAVA_MAJOR_VERSION[@]|8|g" \
  -e "s|@BUILD_C_ANALYZERS[@]|no|g" \
  -e "s|@BUILD_JAVA_ANALYZERS[@]|yes|g" \
  -e "s|@BUILD_PLATFORM[@]|Linux|g" \
  -e "s|@OPAMSWITCH[@]|ocaml-variants.4.11.1+flambda|g" \
  -e "s|@XCODE_SELECT[@]|no|g" \
  -e "s|@INFER_MAN_LAST_MODIFIED[@]|2021-03-25|g" \
  dune.common.in > "$TMPFILE"; \
cat "$TMPFILE" > dune.common; \
rm -f "$TMPFILE"
TMPFILE=$(mktemp ../dune-workspace.tmp.XXXX); \
INFER_GIT_COMMIT=$(git --work-tree=../.. --git-dir=../../.git rev-parse --short HEAD || printf "unknown"); \
INFER_GIT_BRANCH=$(git --work-tree=../.. --git-dir=../../.git rev-parse --abbrev-ref HEAD || printf "unknown"); \
sed \
  -e 's|@EXTRA_CFLAGS[@]||g' \
  -e 's|@INFER_MAJOR[@]|1|g' \
  -e 's|@INFER_MINOR[@]|1|g' \
  -e 's|@INFER_PATCH[@]|0|g' \
  -e 's|@IS_FACEBOOK_TREE[@]|no|g' \
  -e 's|@IS_RELEASE_TREE[@]|no|g' \
  -e "s|@INFER_GIT_COMMIT[@]|$INFER_GIT_COMMIT|g" \
  -e "s|@INFER_GIT_BRANCH[@]|$INFER_GIT_BRANCH|g" \
  -e "s|@JAVA_MAJOR_VERSION[@]|8|g" \
  -e "s|@BUILD_C_ANALYZERS[@]|no|g" \
  -e "s|@BUILD_JAVA_ANALYZERS[@]|yes|g" \
  -e "s|@BUILD_PLATFORM[@]|Linux|g" \
  -e "s|@OPAMSWITCH[@]|ocaml-variants.4.11.1+flambda|g" \
  -e "s|@XCODE_SELECT[@]|no|g" \
  -e "s|@INFER_MAN_LAST_MODIFIED[@]|2021-03-25|g" \
  ../dune-workspace.in > "$TMPFILE"; \
cat "$TMPFILE" > ../dune-workspace; \
rm -f "$TMPFILE"
TMPFILE=$(mktemp base/Version.ml.tmp.XXXX); \
INFER_GIT_COMMIT=$(git --work-tree=../.. --git-dir=../../.git rev-parse --short HEAD || printf "unknown"); \
INFER_GIT_BRANCH=$(git --work-tree=../.. --git-dir=../../.git rev-parse --abbrev-ref HEAD || printf "unknown"); \
sed \
  -e 's|@EXTRA_CFLAGS[@]||g' \
  -e 's|@INFER_MAJOR[@]|1|g' \
  -e 's|@INFER_MINOR[@]|1|g' \
  -e 's|@INFER_PATCH[@]|0|g' \
  -e 's|@IS_FACEBOOK_TREE[@]|no|g' \
  -e 's|@IS_RELEASE_TREE[@]|no|g' \
  -e "s|@INFER_GIT_COMMIT[@]|$INFER_GIT_COMMIT|g" \
  -e "s|@INFER_GIT_BRANCH[@]|$INFER_GIT_BRANCH|g" \
  -e "s|@JAVA_MAJOR_VERSION[@]|8|g" \
  -e "s|@BUILD_C_ANALYZERS[@]|no|g" \
  -e "s|@BUILD_JAVA_ANALYZERS[@]|yes|g" \
  -e "s|@BUILD_PLATFORM[@]|Linux|g" \
  -e "s|@OPAMSWITCH[@]|ocaml-variants.4.11.1+flambda|g" \
  -e "s|@XCODE_SELECT[@]|no|g" \
  -e "s|@INFER_MAN_LAST_MODIFIED[@]|2021-03-25|g" \
  base/Version.ml.in > "$TMPFILE"; \
cat "$TMPFILE" > base/Version.ml; \
rm -f "$TMPFILE"
make[2]: Leaving directory '/home/dowon/patch-validation/analyzer/infer/src'
