This file contains any messages produced by compilers while
running configure, to aid debugging if configure makes a mistake.

It was created by Infer configure 1.1.0, which was
generated by GNU Autoconf 2.69.  Invocation command line was

  $ ./configure --disable-c-analyzers

## --------- ##
## Platform. ##
## --------- ##

hostname = Thanos
uname -m = x86_64
uname -r = 5.11.0-46-generic
uname -s = Linux
uname -v = #51~20.04.1-Ubuntu SMP Fri Jan 7 06:51:40 UTC 2022

/usr/bin/uname -p = x86_64
/bin/uname -X     = unknown

/bin/arch              = x86_64
/usr/bin/arch -k       = unknown
/usr/convex/getsysinfo = unknown
/usr/bin/hostinfo      = unknown
/bin/machine           = unknown
/usr/bin/oslevel       = unknown
/bin/universe          = unknown

PATH: /home/dowon/.opam/ocaml-variants.4.11.1+flambda/bin
PATH: /home/dowon/.local/bin
PATH: INFER_DIR
PATH: /home/dowon/.local/bin
PATH: /usr/local/sbin
PATH: /usr/local/bin
PATH: /usr/sbin
PATH: /usr/bin
PATH: /sbin
PATH: /bin
PATH: /usr/games
PATH: /usr/local/games
PATH: /snap/bin
PATH: /home/dowon/patch-validation/d4j-2.0/framework/bin


## ----------- ##
## Core tests. ##
## ----------- ##

configure:2231: checking for .release
configure:2244: result: no
configure:2256: checking for .facebook
configure:2269: result: no
configure:2299: checking for build platform
configure:2324: result: Linux
configure:2328: checking for Windows build
configure:2333: result: no
configure:2639: checking for xcode-select
configure:2669: result: no
configure:2766: checking for xcrun
configure:2796: result: no
configure:2883: checking for clang
configure:2899: found /usr/local/bin/clang
configure:2910: result: clang
configure:2941: checking for C compiler version
configure:2950: clang --version >&5
clang version 14.0.0 (https://github.com/llvm/llvm-project fea4a48c0baabb4732e6a7fd826755f011e19e0a)
Target: x86_64-unknown-linux-gnu
Thread model: posix
InstalledDir: /usr/local/bin
configure:2961: $? = 0
configure:2950: clang -v >&5
clang version 14.0.0 (https://github.com/llvm/llvm-project fea4a48c0baabb4732e6a7fd826755f011e19e0a)
Target: x86_64-unknown-linux-gnu
Thread model: posix
InstalledDir: /usr/local/bin
Found candidate GCC installation: /usr/lib/gcc/x86_64-linux-gnu/9
Selected GCC installation: /usr/lib/gcc/x86_64-linux-gnu/9
Candidate multilib: .;@m64
Selected multilib: .;@m64
configure:2961: $? = 0
configure:2950: clang -V >&5
clang-14: error: argument to '-V' is missing (expected 1 value)
clang-14: error: no input files
configure:2961: $? = 1
configure:2950: clang -qversion >&5
clang-14: error: unknown argument '-qversion'; did you mean '--version'?
clang-14: error: no input files
configure:2961: $? = 1
configure:2981: checking whether the C compiler works
configure:3003: clang    conftest.c  >&5
configure:3007: $? = 0
configure:3055: result: yes
configure:3058: checking for C compiler default output file name
configure:3060: result: a.out
configure:3066: checking for suffix of executables
configure:3073: clang -o conftest    conftest.c  >&5
configure:3077: $? = 0
configure:3099: result: 
configure:3121: checking whether we are cross compiling
configure:3129: clang -o conftest    conftest.c  >&5
configure:3133: $? = 0
configure:3140: ./conftest
configure:3144: $? = 0
configure:3132: result: no
configure:3137: checking for suffix of object files
configure:3159: clang -c   conftest.c >&5
configure:3163: $? = 0
configure:3184: result: o
configure:3188: checking whether we are using the GNU C compiler
configure:3207: clang -c   conftest.c >&5
configure:3207: $? = 0
configure:3216: result: yes
configure:3225: checking whether clang accepts -g
configure:3245: clang -c -g  conftest.c >&5
configure:3245: $? = 0
configure:3286: result: yes
configure:3303: checking for clang option to accept ISO C89
configure:3366: clang  -c -g -O2  conftest.c >&5
configure:3366: $? = 0
configure:3379: result: none needed
configure:3403: checking for gawk
configure:3433: result: no
configure:3403: checking for mawk
configure:3419: found /usr/bin/mawk
configure:3430: result: mawk
configure:3484: checking for a BSD-compatible install
configure:3552: result: /usr/bin/install -c
configure:3563: checking whether ln -s works
configure:3567: result: yes
configure:3574: checking whether make sets $(MAKE)
configure:3596: result: yes
configure:3605: checking for a thread-safe mkdir -p
configure:3644: result: /usr/bin/mkdir -p
configure:4415: checking for ocamlc
configure:4433: found /home/dowon/.opam/ocaml-variants.4.11.1+flambda/bin/ocamlc
configure:4445: result: /home/dowon/.opam/ocaml-variants.4.11.1+flambda/bin/ocamlc
configure:4470: result: OCaml version is 4.11.1
configure:4479: result: OCaml library path is /home/dowon/.opam/ocaml-variants.4.11.1+flambda/lib/ocaml
configure:4532: checking for ocamlopt
configure:4550: found /home/dowon/.opam/ocaml-variants.4.11.1+flambda/bin/ocamlopt
configure:4562: result: /home/dowon/.opam/ocaml-variants.4.11.1+flambda/bin/ocamlopt
configure:4648: checking for ocamlc.opt
configure:4666: found /home/dowon/.opam/ocaml-variants.4.11.1+flambda/bin/ocamlc.opt
configure:4678: result: /home/dowon/.opam/ocaml-variants.4.11.1+flambda/bin/ocamlc.opt
configure:4758: checking for ocamlopt.opt
configure:4776: found /home/dowon/.opam/ocaml-variants.4.11.1+flambda/bin/ocamlopt.opt
configure:4788: result: /home/dowon/.opam/ocaml-variants.4.11.1+flambda/bin/ocamlopt.opt
configure:4827: checking for dynlink.cmxa
configure:4831: result: yes
configure:4888: checking for ocaml
configure:4906: found /home/dowon/.opam/ocaml-variants.4.11.1+flambda/bin/ocaml
configure:4918: result: /home/dowon/.opam/ocaml-variants.4.11.1+flambda/bin/ocaml
configure:4988: checking for ocamldep
configure:5006: found /home/dowon/.opam/ocaml-variants.4.11.1+flambda/bin/ocamldep
configure:5018: result: /home/dowon/.opam/ocaml-variants.4.11.1+flambda/bin/ocamldep
configure:5088: checking for ocamlmktop
configure:5106: found /home/dowon/.opam/ocaml-variants.4.11.1+flambda/bin/ocamlmktop
configure:5118: result: /home/dowon/.opam/ocaml-variants.4.11.1+flambda/bin/ocamlmktop
configure:5188: checking for ocamlmklib
configure:5206: found /home/dowon/.opam/ocaml-variants.4.11.1+flambda/bin/ocamlmklib
configure:5218: result: /home/dowon/.opam/ocaml-variants.4.11.1+flambda/bin/ocamlmklib
configure:5288: checking for ocamldoc
configure:5306: found /home/dowon/.opam/ocaml-variants.4.11.1+flambda/bin/ocamldoc
configure:5318: result: /home/dowon/.opam/ocaml-variants.4.11.1+flambda/bin/ocamldoc
configure:5388: checking for ocamlbuild
configure:5406: found /home/dowon/.opam/ocaml-variants.4.11.1+flambda/bin/ocamlbuild
configure:5418: result: /home/dowon/.opam/ocaml-variants.4.11.1+flambda/bin/ocamlbuild
configure:5449: checking if OCaml version is >= 4.06.1
configure:5472: result: yes
configure:5533: checking for ocamlbuild
configure:5560: result: /home/dowon/.opam/ocaml-variants.4.11.1+flambda/bin/ocamlbuild
configure:5635: checking for ocamlfind
configure:5653: found /home/dowon/.opam/ocaml-variants.4.11.1+flambda/bin/ocamlfind
configure:5665: result: /home/dowon/.opam/ocaml-variants.4.11.1+flambda/bin/ocamlfind
configure:5736: checking for ocamllex
configure:5754: found /home/dowon/.opam/ocaml-variants.4.11.1+flambda/bin/ocamllex
configure:5766: result: /home/dowon/.opam/ocaml-variants.4.11.1+flambda/bin/ocamllex
configure:5835: checking for ocamllex.opt
configure:5853: found /home/dowon/.opam/ocaml-variants.4.11.1+flambda/bin/ocamllex.opt
configure:5865: result: /home/dowon/.opam/ocaml-variants.4.11.1+flambda/bin/ocamllex.opt
configure:5941: checking for menhir
configure:5957: found /home/dowon/.opam/ocaml-variants.4.11.1+flambda/bin/menhir
configure:5968: result: menhir
configure:6020: checking for OCaml findlib package atdgen
configure:6059: result: /home/dowon/.opam/ocaml-variants.4.11.1+flambda/lib/atdgen
configure:6133: checking for OCaml findlib package biniou
configure:6172: result: /home/dowon/.opam/ocaml-variants.4.11.1+flambda/lib/biniou
configure:6246: checking for OCaml findlib package camlzip
configure:6285: result: /home/dowon/.opam/ocaml-variants.4.11.1+flambda/lib/camlzip
configure:6359: checking for OCaml findlib package easy-format
configure:6398: result: /home/dowon/.opam/ocaml-variants.4.11.1+flambda/lib/easy-format
configure:6472: checking for OCaml findlib package oUnit
configure:6511: result: /home/dowon/.opam/ocaml-variants.4.11.1+flambda/lib/oUnit
configure:6603: checking for utop
configure:6633: result: no
configure:6677: checking for OCaml findlib package yojson
configure:6716: result: /home/dowon/.opam/ocaml-variants.4.11.1+flambda/lib/yojson
configure:6766: checking which ocamlformat to use
configure:6773: result: ocamlformat
configure:6826: checking for opam
configure:6842: found /usr/bin/opam
configure:6853: result: opam
configure:6877: checking opam version
configure:6881: result: 2.0.5
configure:6885: checking current opam root
configure:6888: result: /home/dowon/.opam
configure:6890: checking current opam switch
configure:6893: result: ocaml-variants.4.11.1+flambda
configure:6949: checking for java
configure:6965: found /usr/bin/java
configure:6976: result: java
configure:7041: checking for javac
configure:7057: found /usr/bin/javac
configure:7068: result: javac
configure:7125: checking for OCaml findlib package javalib
configure:7164: result: /home/dowon/.opam/ocaml-variants.4.11.1+flambda/lib/javalib
configure:7238: checking for OCaml findlib package sawja
configure:7277: result: /home/dowon/.opam/ocaml-variants.4.11.1+flambda/lib/sawja
configure:7327: checking for Java major version
configure:7341: result: 8
configure:7345: checking for JAVA_HOME
configure:7373: result: /usr/lib/jvm/java-8-openjdk-amd64/jre/..
configure:7377: checking for inflateEnd in -lz
configure:7402: clang -o conftest -g -O2   conftest.c -lz   >&5
configure:7402: $? = 0
configure:7411: result: yes
configure:7468: checking for atdgen
configure:7484: found /home/dowon/.opam/ocaml-variants.4.11.1+flambda/bin/atdgen
configure:7495: result: atdgen
configure:7587: checking for getconf
configure:7603: found /usr/bin/getconf
configure:7614: result: getconf
configure:7636: checking the number of cpus the build host has
configure:7641: result: 128
configure:7696: checking for ant
configure:7712: found /usr/bin/ant
configure:7723: result: ant
configure:7788: checking for buck
configure:7818: result: no
configure:7880: checking for emacs
configure:7910: result: no
configure:7975: checking for mvn
configure:7991: found /usr/bin/mvn
configure:8002: result: mvn
configure:8074: checking for ndk-build
configure:8104: result: no
configure:8128: checking for ndk-build
configure:8159: result: no
configure:8212: checking for ninja
configure:8242: result: no
configure:8305: checking for xcpretty
configure:8335: result: no
configure:8398: checking for sed
configure:8414: found /usr/bin/sed
configure:8425: result: sed
configure:8449: checking if sed is GNU sed
configure:8454: result: yes
configure:8602: checking for brew
configure:8632: result: no
configure:8695: checking for install_name_tool
configure:8725: result: no
configure:8788: checking for ldd
configure:8804: found /usr/bin/ldd
configure:8815: result: ldd
configure:8881: checking for otool
configure:8911: result: no
configure:8974: checking for patchelf
configure:9004: result: no
configure:9174: creating ./config.status

## ---------------------- ##
## Running config.status. ##
## ---------------------- ##

This file was extended by Infer config.status 1.1.0, which was
generated by GNU Autoconf 2.69.  Invocation command line was

  CONFIG_FILES    = 
  CONFIG_HEADERS  = 
  CONFIG_LINKS    = 
  CONFIG_COMMANDS = 
  $ ./config.status 

on Thanos

config.status:819: creating Makefile.autoconf

## ---------------- ##
## Cache variables. ##
## ---------------- ##

ac_cv_c_compiler_gnu=yes
ac_cv_env_CAML_LD_LIBRARY_PATH_set=set
ac_cv_env_CAML_LD_LIBRARY_PATH_value=/home/dowon/.opam/ocaml-variants.4.11.1+flambda/lib/stublibs:/home/dowon/.opam/ocaml-variants.4.11.1+flambda/lib/ocaml/stublibs:/home/dowon/.opam/ocaml-variants.4.11.1+flambda/lib/ocaml
ac_cv_env_CCC_set=
ac_cv_env_CCC_value=
ac_cv_env_CC_set=
ac_cv_env_CC_value=
ac_cv_env_CFLAGS_set=
ac_cv_env_CFLAGS_value=
ac_cv_env_CLANG_INCLUDES_set=
ac_cv_env_CLANG_INCLUDES_value=
ac_cv_env_CLANG_PREFIX_set=
ac_cv_env_CLANG_PREFIX_value=
ac_cv_env_CPATH_set=
ac_cv_env_CPATH_value=
ac_cv_env_CPPFLAGS_set=
ac_cv_env_CPPFLAGS_value=
ac_cv_env_CPP_set=
ac_cv_env_CPP_value=
ac_cv_env_CXXFLAGS_set=
ac_cv_env_CXXFLAGS_value=
ac_cv_env_CXX_set=
ac_cv_env_CXX_value=
ac_cv_env_LDFLAGS_set=
ac_cv_env_LDFLAGS_value=
ac_cv_env_LIBRARY_PATH_set=
ac_cv_env_LIBRARY_PATH_value=
ac_cv_env_LIBS_set=
ac_cv_env_LIBS_value=
ac_cv_env_MVN_set=
ac_cv_env_MVN_value=
ac_cv_env_OPAMROOT_set=
ac_cv_env_OPAMROOT_value=
ac_cv_env_OPAMSWITCH_set=
ac_cv_env_OPAMSWITCH_value=
ac_cv_env_PATH_set=set
ac_cv_env_PATH_value=/home/dowon/.opam/ocaml-variants.4.11.1+flambda/bin:/home/dowon/.local/bin:INFER_DIR:/home/dowon/.local/bin:/usr/local/sbin:/usr/local/bin:/usr/sbin:/usr/bin:/sbin:/bin:/usr/games:/usr/local/games:/snap/bin:/home/dowon/patch-validation/d4j-2.0/framework/bin
ac_cv_env_SDKROOT_set=
ac_cv_env_SDKROOT_value=
ac_cv_env_XCODE_BASE_set=
ac_cv_env_XCODE_BASE_value=
ac_cv_env_build_alias_set=
ac_cv_env_build_alias_value=
ac_cv_env_host_alias_set=
ac_cv_env_host_alias_value=
ac_cv_env_target_alias_set=
ac_cv_env_target_alias_value=
ac_cv_file__facebook=no
ac_cv_file__release=no
ac_cv_lib_z_inflateEnd=yes
ac_cv_objext=o
ac_cv_path_NDKBUILD=no
ac_cv_path_ac_pt_OCAML=/home/dowon/.opam/ocaml-variants.4.11.1+flambda/bin/ocaml
ac_cv_path_ac_pt_OCAMLBUILD=/home/dowon/.opam/ocaml-variants.4.11.1+flambda/bin/ocamlbuild
ac_cv_path_ac_pt_OCAMLC=/home/dowon/.opam/ocaml-variants.4.11.1+flambda/bin/ocamlc
ac_cv_path_ac_pt_OCAMLCDOTOPT=/home/dowon/.opam/ocaml-variants.4.11.1+flambda/bin/ocamlc.opt
ac_cv_path_ac_pt_OCAMLDEP=/home/dowon/.opam/ocaml-variants.4.11.1+flambda/bin/ocamldep
ac_cv_path_ac_pt_OCAMLDOC=/home/dowon/.opam/ocaml-variants.4.11.1+flambda/bin/ocamldoc
ac_cv_path_ac_pt_OCAMLFIND=/home/dowon/.opam/ocaml-variants.4.11.1+flambda/bin/ocamlfind
ac_cv_path_ac_pt_OCAMLLEX=/home/dowon/.opam/ocaml-variants.4.11.1+flambda/bin/ocamllex
ac_cv_path_ac_pt_OCAMLLEXDOTOPT=/home/dowon/.opam/ocaml-variants.4.11.1+flambda/bin/ocamllex.opt
ac_cv_path_ac_pt_OCAMLMKLIB=/home/dowon/.opam/ocaml-variants.4.11.1+flambda/bin/ocamlmklib
ac_cv_path_ac_pt_OCAMLMKTOP=/home/dowon/.opam/ocaml-variants.4.11.1+flambda/bin/ocamlmktop
ac_cv_path_ac_pt_OCAMLOPT=/home/dowon/.opam/ocaml-variants.4.11.1+flambda/bin/ocamlopt
ac_cv_path_ac_pt_OCAMLOPTDOTOPT=/home/dowon/.opam/ocaml-variants.4.11.1+flambda/bin/ocamlopt.opt
ac_cv_path_install='/usr/bin/install -c'
ac_cv_path_mkdir=/usr/bin/mkdir
ac_cv_prog_AWK=mawk
ac_cv_prog_ac_ct_ANT=ant
ac_cv_prog_ac_ct_ATDGEN=atdgen
ac_cv_prog_ac_ct_CC=clang
ac_cv_prog_ac_ct_GETCONF=getconf
ac_cv_prog_ac_ct_JAVA=java
ac_cv_prog_ac_ct_JAVAC=javac
ac_cv_prog_ac_ct_LDD=ldd
ac_cv_prog_ac_ct_MENHIR=menhir
ac_cv_prog_ac_ct_MVN=mvn
ac_cv_prog_ac_ct_OCAMLBUILD=/home/dowon/.opam/ocaml-variants.4.11.1+flambda/bin/ocamlbuild
ac_cv_prog_ac_ct_OPAM=opam
ac_cv_prog_ac_ct_SED=sed
ac_cv_prog_cc_c89=
ac_cv_prog_cc_g=yes
ac_cv_prog_make_make_set=yes

## ----------------- ##
## Output variables. ##
## ----------------- ##

ANT='ant'
ATDGEN='atdgen'
AWK='mawk'
BREW='no'
BUCK='no'
BUILD_C_ANALYZERS='no'
BUILD_JAVA_ANALYZERS='yes'
BUILD_PLATFORM='Linux'
CAML_LD_LIBRARY_PATH='/home/dowon/.opam/ocaml-variants.4.11.1+flambda/lib/stublibs:/home/dowon/.opam/ocaml-variants.4.11.1+flambda/lib/ocaml/stublibs:/home/dowon/.opam/ocaml-variants.4.11.1+flambda/lib/ocaml'
CC='clang'
CFLAGS='-g -O2'
CLANG_INCLUDES='/home/dowon/patch-validation/analyzer/facebook-clang-plugins/clang/install/include'
CLANG_PREFIX='/home/dowon/patch-validation/analyzer/facebook-clang-plugins/clang/install'
CMAKE=''
CPATH=''
CPP=''
CPPFLAGS=''
CXX=''
CXXFLAGS=''
DEFS='-DPACKAGE_NAME=\"Infer\" -DPACKAGE_TARNAME=\"infer\" -DPACKAGE_VERSION=\"1.1.0\" -DPACKAGE_STRING=\"Infer\ 1.1.0\" -DPACKAGE_BUGREPORT=\"https://github.com/facebook/infer/issues/\" -DPACKAGE_URL=\"\"'
ECHO_C=''
ECHO_N='-n'
ECHO_T=''
EGREP=''
EMACS='no'
ENABLE_OCAMLOPT_CUSTOM_CC=''
ENABLE_OCAML_BINANNOT='yes'
EXEEXT=''
GETCONF='getconf'
GNU_SED='sed'
GREP=''
HAS_OBJC='no'
INFER_MAJOR='1'
INFER_MAN_LAST_MODIFIED='2021-03-25'
INFER_MINOR='1'
INFER_PATCH='0'
INSTALL_DATA='${INSTALL} -m 644'
INSTALL_NAME_TOOL='no'
INSTALL_PROGRAM='${INSTALL}'
INSTALL_SCRIPT='${INSTALL}'
IS_FACEBOOK_TREE='no'
IS_RELEASE_TREE='no'
JAVA='java'
JAVAC='javac'
JAVA_MAJOR_VERSION='8'
LDD='ldd'
LDFLAGS=''
LIBOBJS=''
LIBRARY_PATH=''
LIBS=''
LN_S='ln -s'
LTLIBOBJS=''
MENHIR='menhir'
MKDIR_P='/usr/bin/mkdir -p'
MVN='mvn'
NCPU='128'
NDKBUILD='no'
NINJA='no'
OBJEXT='o'
OCAML='/home/dowon/.opam/ocaml-variants.4.11.1+flambda/bin/ocaml'
OCAMLBEST='opt'
OCAMLBUILD='/home/dowon/.opam/ocaml-variants.4.11.1+flambda/bin/ocamlbuild'
OCAMLC='/home/dowon/.opam/ocaml-variants.4.11.1+flambda/bin/ocamlc.opt'
OCAMLCDOTOPT='/home/dowon/.opam/ocaml-variants.4.11.1+flambda/bin/ocamlc.opt'
OCAMLDEP='/home/dowon/.opam/ocaml-variants.4.11.1+flambda/bin/ocamldep'
OCAMLDOC='/home/dowon/.opam/ocaml-variants.4.11.1+flambda/bin/ocamldoc'
OCAMLFIND='/home/dowon/.opam/ocaml-variants.4.11.1+flambda/bin/ocamlfind'
OCAMLFORMAT='ocamlformat'
OCAMLLEX='/home/dowon/.opam/ocaml-variants.4.11.1+flambda/bin/ocamllex.opt'
OCAMLLEXDOTOPT='/home/dowon/.opam/ocaml-variants.4.11.1+flambda/bin/ocamllex.opt'
OCAMLLIB='/home/dowon/.opam/ocaml-variants.4.11.1+flambda/lib/ocaml'
OCAMLMKLIB='/home/dowon/.opam/ocaml-variants.4.11.1+flambda/bin/ocamlmklib'
OCAMLMKTOP='/home/dowon/.opam/ocaml-variants.4.11.1+flambda/bin/ocamlmktop'
OCAMLNATDYNLINK='yes'
OCAMLOPT='/home/dowon/.opam/ocaml-variants.4.11.1+flambda/bin/ocamlopt.opt'
OCAMLOPTDOTOPT='/home/dowon/.opam/ocaml-variants.4.11.1+flambda/bin/ocamlopt.opt'
OCAMLVERSION='4.11.1'
OCAML_PKG_PATH_atdgen='/home/dowon/.opam/ocaml-variants.4.11.1+flambda/lib/atdgen'
OCAML_PKG_PATH_biniou='/home/dowon/.opam/ocaml-variants.4.11.1+flambda/lib/biniou'
OCAML_PKG_PATH_camlzip='/home/dowon/.opam/ocaml-variants.4.11.1+flambda/lib/camlzip'
OCAML_PKG_PATH_easy_format='/home/dowon/.opam/ocaml-variants.4.11.1+flambda/lib/easy-format'
OCAML_PKG_PATH_javalib='/home/dowon/.opam/ocaml-variants.4.11.1+flambda/lib/javalib'
OCAML_PKG_PATH_oUnit='/home/dowon/.opam/ocaml-variants.4.11.1+flambda/lib/oUnit'
OCAML_PKG_PATH_sawja='/home/dowon/.opam/ocaml-variants.4.11.1+flambda/lib/sawja'
OCAML_PKG_PATH_yojson='/home/dowon/.opam/ocaml-variants.4.11.1+flambda/lib/yojson'
OCAML_PKG_atdgen='atdgen'
OCAML_PKG_biniou='biniou'
OCAML_PKG_camlzip='camlzip'
OCAML_PKG_easy_format='easy-format'
OCAML_PKG_javalib='javalib'
OCAML_PKG_oUnit='oUnit'
OCAML_PKG_sawja='sawja'
OCAML_PKG_yojson='yojson'
OPAM='opam'
OPAMROOT='/home/dowon/.opam'
OPAMSWITCH='ocaml-variants.4.11.1+flambda'
OTOOL='no'
PACKAGE_BUGREPORT='https://github.com/facebook/infer/issues/'
PACKAGE_NAME='Infer'
PACKAGE_STRING='Infer 1.1.0'
PACKAGE_TARNAME='infer'
PACKAGE_URL=''
PACKAGE_VERSION='1.1.0'
PATCHELF='no'
PATH='/home/dowon/.opam/ocaml-variants.4.11.1+flambda/bin:/home/dowon/.local/bin:INFER_DIR:/home/dowon/.local/bin:/usr/local/sbin:/usr/local/bin:/usr/sbin:/usr/bin:/sbin:/bin:/usr/games:/usr/local/games:/snap/bin:/home/dowon/patch-validation/d4j-2.0/framework/bin'
PATH_SEPARATOR=':'
SDKROOT=''
SED='sed'
SET_MAKE=''
SHASUM=''
SHELL='/bin/bash'
USER_JAVA_HOME='/usr/lib/jvm/java-8-openjdk-amd64/jre/..'
UTOP='no'
WINDOWS_BUILD='no'
XCODE_BASE=''
XCODE_SELECT='no'
XCPRETTY='no'
XCRUN='no'
ac_ct_CC='clang'
ac_ct_CXX=''
bindir='${exec_prefix}/bin'
build_alias=''
datadir='${datarootdir}'
datarootdir='${prefix}/share'
docdir='${datarootdir}/doc/${PACKAGE_TARNAME}'
dvidir='${docdir}'
exec_prefix='${prefix}'
host_alias=''
htmldir='${docdir}'
includedir='${prefix}/include'
infodir='${datarootdir}/info'
libdir='${exec_prefix}/lib'
libexecdir='${exec_prefix}/libexec'
localedir='${datarootdir}/locale'
localstatedir='${prefix}/var'
mandir='${datarootdir}/man'
oldincludedir='/usr/include'
pdfdir='${docdir}'
prefix='/usr/local'
program_transform_name='s,x,x,'
psdir='${docdir}'
runstatedir='${localstatedir}/run'
sbindir='${exec_prefix}/sbin'
sharedstatedir='${prefix}/com'
sysconfdir='${prefix}/etc'
target_alias=''

## ----------- ##
## confdefs.h. ##
## ----------- ##

/* confdefs.h */
#define PACKAGE_NAME "Infer"
#define PACKAGE_TARNAME "infer"
#define PACKAGE_VERSION "1.1.0"
#define PACKAGE_STRING "Infer 1.1.0"
#define PACKAGE_BUGREPORT "https://github.com/facebook/infer/issues/"
#define PACKAGE_URL ""

configure: exit 0
